<?xml version="1.0" encoding="UTF-8"?>
<!-- Generated by org.testng.reporters.JUnitReportReporter -->
<testsuite hostname="HXV8LL3" failures="0" tests="1" name="Tests.AmazonTest" time="24.371" errors="0" timestamp="23 Aug 2023 10:13:20 GMT">
  <testcase classname="Tests.AmazonTest" name="purchaseItemFromAmazon" time="24.371"/>
</testsuite> <!-- Tests.AmazonTest -->
